0 info it worked if it ends with ok
1 verbose cli [ 'C:\\Program Files\\nodejs\\node.exe',
1 verbose cli   'C:\\Program Files\\nodejs\\node_modules\\npm\\bin\\npm-cli.js',
1 verbose cli   'run-script',
1 verbose cli   'test',
1 verbose cli   'test' ]
2 info using npm@3.10.9
3 info using node@v6.9.2
4 verbose run-script [ 'pretest', 'test', 'posttest' ]
5 info lifecycle yourube-redux@0.1.0~pretest: yourube-redux@0.1.0
6 silly lifecycle yourube-redux@0.1.0~pretest: no script for pretest, continuing
7 info lifecycle yourube-redux@0.1.0~test: yourube-redux@0.1.0
8 verbose lifecycle yourube-redux@0.1.0~test: unsafe-perm in lifecycle true
9 verbose lifecycle yourube-redux@0.1.0~test: PATH: C:\Program Files\nodejs\node_modules\npm\bin\node-gyp-bin;E:\akshay\code\youtube-redux\node_modules\.bin;C:\WINDOWS\system32;C:\WINDOWS;C:\WINDOWS\System32\Wbem;C:\WINDOWS\System32\WindowsPowerShell\v1.0\;C:\Program Files (x86)\Intel\OpenCL SDK\2.0\bin\x86;C:\Program Files (x86)\Intel\OpenCL SDK\2.0\bin\x64;C:\Program Files\nodejs\;E:\akshay\mongoDb\bin;C:\Program Files (x86)\Microsoft VS Code\bin;C:\Users\numan\AppData\Local\Microsoft\WindowsApps;C:\Program Files (x86)\Microsoft VS Code\bin;C:\Users\numan\AppData\Roaming\npm;E:\akshay\mongoDb\bin
10 verbose lifecycle yourube-redux@0.1.0~test: CWD: E:\akshay\code\youtube-redux
11 silly lifecycle yourube-redux@0.1.0~test: Args: [ '/d /s /c', 'react-scripts test   "test"' ]
12 silly lifecycle yourube-redux@0.1.0~test: Returned: code: 3221225786  signal: null
13 info lifecycle yourube-redux@0.1.0~test: Failed to exec test script
14 verbose stack Error: yourube-redux@0.1.0 test: `react-scripts test   "test"`
14 verbose stack Exit status 3221225786
14 verbose stack     at EventEmitter.<anonymous> (C:\Program Files\nodejs\node_modules\npm\lib\utils\lifecycle.js:255:16)
14 verbose stack     at emitTwo (events.js:106:13)
14 verbose stack     at EventEmitter.emit (events.js:191:7)
14 verbose stack     at ChildProcess.<anonymous> (C:\Program Files\nodejs\node_modules\npm\lib\utils\spawn.js:40:14)
14 verbose stack     at emitTwo (events.js:106:13)
14 verbose stack     at ChildProcess.emit (events.js:191:7)
14 verbose stack     at maybeClose (internal/child_process.js:877:16)
14 verbose stack     at Process.ChildProcess._handle.onexit (internal/child_process.js:226:5)
15 verbose pkgid yourube-redux@0.1.0
16 verbose cwd E:\akshay\code\youtube-redux
17 error Windows_NT 10.0.14393
18 error argv "C:\\Program Files\\nodejs\\node.exe" "C:\\Program Files\\nodejs\\node_modules\\npm\\bin\\npm-cli.js" "run-script" "test" "test"
19 error node v6.9.2
20 error npm  v3.10.9
21 error code ELIFECYCLE
22 error yourube-redux@0.1.0 test: `react-scripts test   "test"`
22 error Exit status 3221225786
23 error Failed at the yourube-redux@0.1.0 test script 'react-scripts test   "test"'.
23 error Make sure you have the latest version of node.js and npm installed.
23 error If you do, this is most likely a problem with the yourube-redux package,
23 error not with npm itself.
23 error Tell the author that this fails on your system:
23 error     react-scripts test   "test"
23 error You can get information on how to open an issue for this project with:
23 error     npm bugs yourube-redux
23 error Or if that isn't available, you can get their info via:
23 error     npm owner ls yourube-redux
23 error There is likely additional logging output above.
24 verbose exit [ 1, true ]
